{
  "RSpec": {
    "coverage": {
      "/Users/sungmoon/Dropbox/launchacademy/rails/studygroup/app/models/comment.rb": [
        1,
        1,
        1,
        1,
        1,
        null,
        1,
        null,
        1,
        null,
        null,
        1,
        null,
        null,
        null
      ],
      "/Users/sungmoon/Dropbox/launchacademy/rails/studygroup/app/models/group.rb": [
        1,
        1,
        1,
        null,
        1,
        1,
        1,
        1,
        null,
        1,
        null,
        null,
        1,
        1,
        null,
        null,
        null,
        1,
        null,
        null,
        null,
        1,
        null,
        null,
        null,
        1,
        1,
        null,
        null,
        1,
        1,
        null,
        null,
        null,
        1,
        0,
        null,
        null,
        1,
        1,
        1,
        null,
        null,
        1,
        21,
        21,
        null,
        null,
        1,
        17,
        null,
        null,
        1,
        0,
        null,
        null
      ],
      "/Users/sungmoon/Dropbox/launchacademy/rails/studygroup/app/models/learning.rb": [
        1,
        1,
        1,
        null,
        1,
        null,
        null,
        null,
        1,
        9,
        null,
        null,
        1,
        3,
        null,
        null,
        1,
        13,
        null,
        null,
        1,
        13,
        13,
        null,
        null,
        1,
        4,
        4,
        4,
        4,
        4,
        null,
        null
      ],
      "/Users/sungmoon/Dropbox/launchacademy/rails/studygroup/app/models/membership.rb": [
        1,
        1,
        null,
        1,
        null,
        null,
        null
      ],
      "/Users/sungmoon/Dropbox/launchacademy/rails/studygroup/app/models/message.rb": [
        1,
        1,
        1,
        1,
        1,
        1,
        null,
        1,
        0,
        null,
        null
      ],
      "/Users/sungmoon/Dropbox/launchacademy/rails/studygroup/app/models/post.rb": [
        1,
        1,
        1,
        null,
        1,
        null,
        1,
        null,
        null,
        1,
        null,
        null,
        1,
        null,
        null,
        1,
        null,
        null,
        null,
        1,
        6,
        8,
        null,
        null,
        null,
        1,
        10,
        null,
        null
      ],
      "/Users/sungmoon/Dropbox/launchacademy/rails/studygroup/app/models/tag.rb": [
        1,
        1,
        1,
        1,
        null,
        1,
        null,
        null,
        1,
        null,
        null,
        null
      ],
      "/Users/sungmoon/Dropbox/launchacademy/rails/studygroup/app/models/tagging.rb": [
        1,
        1,
        null,
        1,
        null,
        null,
        1,
        null
      ],
      "/Users/sungmoon/Dropbox/launchacademy/rails/studygroup/app/models/tutorial.rb": [
        1,
        1,
        1,
        1,
        null,
        null,
        1,
        null
      ],
      "/Users/sungmoon/Dropbox/launchacademy/rails/studygroup/app/uploaders/image_uploader.rb": [
        null,
        1,
        1,
        null,
        1,
        0,
        null,
        1,
        null,
        null,
        1,
        1,
        null,
        null
      ],
      "/Users/sungmoon/Dropbox/launchacademy/rails/studygroup/app/models/vote.rb": [
        1,
        1,
        null,
        1,
        null,
        null,
        null
      ],
      "/Users/sungmoon/Dropbox/launchacademy/rails/studygroup/app/controllers/home_controller.rb": [
        1,
        1,
        23,
        14,
        null,
        null,
        null
      ],
      "/Users/sungmoon/Dropbox/launchacademy/rails/studygroup/app/controllers/application_controller.rb": [
        1,
        null,
        null,
        1,
        null
      ],
      "/Users/sungmoon/Dropbox/launchacademy/rails/studygroup/app/controllers/groups_controller.rb": [
        1,
        1,
        null,
        1,
        22,
        21,
        null,
        1,
        null,
        null,
        null,
        1,
        24,
        24,
        null,
        null,
        1,
        3,
        null,
        null,
        1,
        3,
        3,
        1,
        1,
        null,
        2,
        2,
        null,
        null,
        null,
        1,
        3,
        null,
        null,
        1,
        null,
        1,
        3,
        null,
        null
      ],
      "/Users/sungmoon/Dropbox/launchacademy/rails/studygroup/app/controllers/posts_controller.rb": [
        1,
        1,
        9,
        9,
        null,
        null,
        1,
        3,
        null,
        null,
        1,
        3,
        3,
        null,
        3,
        2,
        2,
        null,
        1,
        1,
        null,
        null,
        null,
        1,
        1,
        null,
        null,
        1,
        1,
        null,
        1,
        1,
        1,
        null,
        0,
        0,
        null,
        null,
        null,
        1,
        1,
        1,
        null,
        null,
        1,
        null,
        1,
        4,
        null,
        null
      ],
      "/Users/sungmoon/Dropbox/launchacademy/rails/studygroup/app/controllers/comments_controller.rb": [
        1,
        1,
        1,
        2,
        2,
        2,
        null,
        2,
        1,
        1,
        null,
        1,
        1,
        null,
        null,
        null,
        1,
        null,
        1,
        2,
        null,
        null
      ],
      "/Users/sungmoon/Dropbox/launchacademy/rails/studygroup/app/controllers/learnings_controller.rb": [
        1,
        1,
        null,
        1,
        13,
        null,
        null,
        1,
        3,
        null,
        null,
        1,
        2,
        null,
        null,
        1,
        2,
        null,
        2,
        1,
        1,
        null,
        1,
        1,
        null,
        null,
        null,
        1,
        2,
        null,
        null,
        1,
        1,
        null,
        1,
        1,
        1,
        null,
        0,
        0,
        null,
        null,
        null,
        1,
        1,
        1,
        1,
        1,
        null,
        null,
        1,
        0,
        null,
        null,
        1,
        null,
        1,
        3,
        null,
        null
      ],
      "/Users/sungmoon/Dropbox/launchacademy/rails/studygroup/app/controllers/votes_controller.rb": [
        1,
        1,
        3,
        3,
        3,
        null,
        null,
        3,
        3,
        3,
        null,
        0,
        null,
        null,
        null,
        1,
        1,
        null,
        1,
        1,
        1,
        null,
        null
      ],
      "/Users/sungmoon/Dropbox/launchacademy/rails/studygroup/app/controllers/memberships_controller.rb": [
        1,
        1,
        8,
        8,
        null,
        8,
        8,
        null,
        0,
        null,
        null,
        null,
        1,
        2,
        null,
        2,
        2,
        null,
        null,
        1,
        null,
        1,
        0,
        null,
        null
      ],
      "/Users/sungmoon/Dropbox/launchacademy/rails/studygroup/app/controllers/messages_controller.rb": [
        1,
        1,
        2,
        null,
        null,
        1,
        2,
        null,
        2,
        1,
        1,
        1,
        null,
        1,
        1,
        null,
        null,
        null,
        1,
        null,
        1,
        2,
        null,
        null,
        null,
        null,
        null,
        null
      ],
      "/Users/sungmoon/Dropbox/launchacademy/rails/studygroup/app/mailers/message_confirmation.rb": [
        1,
        1,
        null,
        1,
        1,
        1,
        null,
        null,
        null
      ],
      "/Users/sungmoon/Dropbox/launchacademy/rails/studygroup/app/controllers/tutorials_controller.rb": [
        1,
        1,
        2,
        null,
        null,
        1,
        2,
        null,
        2,
        1,
        1,
        null,
        1,
        null,
        null,
        null,
        1,
        null,
        1,
        2,
        null,
        null
      ],
      "/Users/sungmoon/Dropbox/launchacademy/rails/studygroup/app/controllers/tips_controller.rb": [
        1,
        1,
        null,
        null
      ]
    },
    "timestamp": 1390766170
  }
}
